2025-07-05 13:18:34,152 - INFO - Form submitted for patient: ali
2025-07-05 13:37:00,828 - INFO - Form submitted for patient: ali raza
2025-07-05 14:10:11,345 - INFO - Form submitted for patient: ali
2025-07-05 14:11:09,637 - INFO - Form submitted for patient: ali
2025-07-05 14:17:46,410 - INFO - Form submitted for patient: ali
2025-07-05 14:20:44,570 - INFO - Form submitted for patient: ali
2025-07-05 14:23:37,943 - INFO - Form submitted for patient: grt
2025-07-05 14:24:24,623 - INFO - Form submitted for patient: grt
2025-07-05 15:11:01,515 - INFO - Form submitted for patient: aaA
2025-07-05 15:11:13,847 - INFO - Form submitted for patient: aaA
2025-07-05 15:11:47,335 - INFO - Form submitted for patient: aaA
2025-07-05 15:11:49,650 - INFO - Form submitted for patient: aaA
2025-07-05 15:11:51,070 - INFO - Form submitted for patient: aaA
2025-07-05 15:11:51,945 - INFO - Form submitted for patient: aaA
2025-07-05 15:11:58,821 - INFO - Form submitted for patient: aaA
2025-07-05 15:12:39,245 - INFO - Form submitted for patient: XASSADA
2025-07-05 15:20:01,447 - INFO - Form submitted for patient: cxx
2025-07-05 15:20:25,559 - INFO - Form submitted for patient: cxx
2025-07-05 15:29:09,469 - INFO - Form submitted for patient: cvxc
2025-07-05 15:29:19,009 - INFO - Form submitted for patient: cvxc
2025-07-05 15:29:29,340 - INFO - Form submitted for patient: cvxc
2025-07-05 15:40:29,583 - INFO - Form submitted for patient: csddadas
2025-07-05 15:40:51,413 - INFO - Form submitted for patient: csddadas
2025-07-05 15:40:56,552 - INFO - Form submitted for patient: csddadas
2025-07-05 15:41:09,706 - INFO - Form submitted for patient: csddadas
2025-07-05 15:53:06,242 - INFO - Form submitted for patient: xscscs
2025-07-05 16:07:22,896 - INFO - Form submitted for patient: dfbfbfb
2025-07-05 16:13:30,555 - INFO - Form submitted for patient: ffd
2025-07-05 16:20:26,528 - INFO - Form submitted for patient: fegrgt
2025-07-05 16:30:15,000 - INFO - Form submitted for patient: fjhjhjk
